Running:  PSGS 6 160
11 Done 155.24887442588806
10 Done 166.1280059814453
14 Done 166.69174718856812
7 Done 166.7305669784546
6 Done 166.83664679527283
5 Done 168.906907081604
1 Done 169.2323875427246
0 Done 169.45676589012146
15 Done 169.53079271316528
8 Done 169.60371327400208
3 Done 170.35523080825806
9 Done 171.56441521644592
13 Done 172.83651304244995
12 Done 174.16924357414246
2 Done 174.70622158050537
4 Done 175.4524576663971
16 Done 71.18915843963623
18 Done 63.641825437545776
19 Done 66.42653894424438
17 Done 67.02554559707642
