Running:  default 10 630
15 Done 34988.81386566162
9 Done 35486.4458231926
12 Done 35493.65816473961
8 Done 36388.63568997383
11 Done 36506.88611507416
14 Done 36517.33579134941
13 Done 36677.58780503273
4 Done 36817.60927462578
3 Done 36905.66363930702
7 Done 36937.7572350502
5 Done 36951.70661687851
1 Done 37202.5846991539
10 Done 37312.214908123016
0 Done 37367.41280269623
6 Done 37583.91877102852
2 Done 37591.37912607193
16 Done 11080.189429998398
19 Done 9763.434869527817
17 Done 10692.85344672203
18 Done 10942.24708366394
