Running:  paulihedral 6 160
0 Done 56.57456707954407
6 Done 58.480031967163086
4 Done 59.85438084602356
2 Done 60.75950837135315
7 Done 46.030322551727295
5 Done 47.24095940589905
1 Done 50.62027382850647
3 Done 48.152872800827026
8 Done 47.892985105514526
14 Done 47.070040702819824
10 Done 51.17031788825989
12 Done 52.827436685562134
9 Done 53.29543995857239
13 Done 46.131754875183105
11 Done 48.0547456741333
15 Done 50.37665629386902
18 Done 33.48473501205444
16 Done 35.02030324935913
17 Done 32.639766216278076
19 Done 33.777756452560425
