Running:  UCCSD 6 160
13 Done 173.84680438041687
14 Done 176.58991932868958
3 Done 184.39040613174438
8 Done 184.71890258789062
7 Done 186.74547696113586
5 Done 187.7106568813324
15 Done 187.72601437568665
0 Done 188.91195607185364
11 Done 190.94778656959534
1 Done 193.7528293132782
6 Done 194.35533022880554
10 Done 194.44100999832153
9 Done 199.66655945777893
2 Done 201.5615336894989
12 Done 203.12786626815796
4 Done 204.59117722511292
17 Done 81.23685479164124
19 Done 76.81497025489807
18 Done 77.34987878799438
16 Done 88.90659928321838
