Running:  PSGS 10 630
15 Done 21641.964299440384
9 Done 21863.951186656952
3 Done 22006.865584135056
7 Done 22029.528470277786
5 Done 22116.80910038948
11 Done 22308.97784757614
4 Done 22366.13053870201
1 Done 22411.58252930641
12 Done 22453.51696419716
14 Done 22459.734325408936
8 Done 22497.121323108673
10 Done 22498.65109539032
13 Done 22619.412725687027
2 Done 22766.61304616928
6 Done 22796.177148103714
0 Done 22843.55585885048
16 Done 6923.583625555038
18 Done 6673.108635902405
17 Done 6960.746721506119
19 Done 6841.798105239868
