Running:  default 6 160
0 Done 43.73189735412598
4 Done 45.73667645454407
2 Done 46.8836944103241
6 Done 47.41909599304199
1 Done 45.11925911903381
7 Done 42.93200182914734
3 Done 43.485809087753296
5 Done 46.52797245979309
8 Done 45.246641397476196
14 Done 44.395057916641235
10 Done 47.13345813751221
12 Done 48.47547006607056
9 Done 44.82824420928955
11 Done 42.56341004371643
15 Done 44.14309048652649
13 Done 42.529953479766846
18 Done 29.02819323539734
16 Done 31.7451434135437
19 Done 27.300182580947876
17 Done 28.01217246055603
