Running:  paulihedral 10 630
4 Done 32677.817207336426
0 Done 33097.77875351906
2 Done 34921.664303064346
6 Done 35982.218296289444
5 Done 32211.71585035324
1 Done 32875.57205438614
3 Done 32410.176775932312
7 Done 33323.9919462204
8 Done 32127.7775080204
12 Done 30939.922976732254
10 Done 34522.44331598282
14 Done 32717.27252960205
9 Done 32173.209960222244
13 Done 31478.509169101715
11 Done 31768.32351064682
15 Done 31063.222889900208
16 Done 20484.555389404297
18 Done 21790.963626623154
17 Done 19408.48755455017
19 Done 17703.7607152462
