slurmstepd-kimberlit: error: Unable to create TMPDIR [/tmp/user/30910]: Permission denied
slurmstepd-kimberlit: error: Setting TMPDIR to /tmp
{'01010': 2030, '00000': 1974, '00010': 1993, '01000': 2003}
{'00000': 2059, '01001': 1992, '01100': 1965, '00101': 1984}
{'11101': 953, '11001': 986, '00101': 973, '11000': 1014, '00100': 1007, '00000': 993, '11100': 979, '00001': 1095}
{'11110': 1008, '10100': 995, '11010': 1002, '00000': 970, '01110': 1033, '00100': 1013, '10000': 970, '01010': 1009}
{'11010': 255, '11000': 238, '10001': 225, '10000': 260, '01010': 252, '01001': 243, '00101': 251, '00111': 237, '00011': 251, '10101': 254, '11100': 219, '10010': 232, '11110': 225, '01110': 267, '01111': 244, '10110': 254, '11011': 279, '11111': 282, '10111': 245, '10100': 249, '01101': 233, '00010': 255, '01011': 253, '10011': 237, '01100': 268, '01000': 278, '00001': 275, '00110': 247, '11101': 248, '00000': 250, '11001': 234, '00100': 260}
{'01110': 510, '00010': 531, '11110': 504, '00000': 466, '11111': 498, '10000': 534, '11101': 497, '00011': 515, '01111': 474, '01101': 517, '01100': 505, '00001': 470, '11100': 490, '10010': 473, '10001': 509, '10011': 507}
{'10000': 245, '11000': 262, '10010': 236, '10101': 266, '11100': 254, '01101': 256, '00001': 261, '00110': 250, '01100': 222, '01000': 257, '10011': 239, '00000': 238, '11001': 244, '11111': 249, '11011': 251, '01111': 230, '10110': 258, '11110': 262, '00010': 228, '01001': 229, '00101': 292, '11010': 230, '10001': 241, '01110': 271, '00111': 262, '00011': 273, '01011': 248, '11101': 222, '00100': 275, '01010': 245, '10111': 270, '10100': 234}
{'11000': 1039, '11001': 959, '00001': 962, '11100': 987, '00100': 1000, '00101': 984, '11101': 1049, '00000': 1020}
{'01010': 487, '01110': 502, '01111': 523, '11001': 459, '10100': 490, '11101': 512, '00011': 501, '00111': 523, '01011': 512, '11100': 495, '10101': 514, '00110': 500, '10001': 513, '00010': 487, '11000': 487, '10000': 495}
{'11101': 255, '10101': 262, '10011': 226, '00011': 268, '00111': 254, '11110': 246, '00100': 266, '11000': 275, '00101': 244, '10001': 221, '11010': 286, '01001': 251, '01110': 244, '00110': 250, '00001': 254, '11100': 250, '10010': 217, '00010': 227, '00000': 233, '11001': 255, '11111': 247, '11011': 290, '10000': 261, '01000': 252, '01100': 242, '01101': 224, '10110': 249, '10111': 257, '10100': 271, '01010': 250, '01011': 248, '01111': 225}
{'10011': 965, '00100': 1023, '11000': 994, '01011': 1036, '00000': 999, '10111': 1014, '01111': 994, '11100': 975}
{'11000': 963, '10011': 956, '11011': 1095, '00000': 1014, '01000': 981, '10000': 988, '01011': 1011, '00011': 992}
{'11000': 258, '00100': 250, '00101': 254, '10001': 279, '01001': 252, '11010': 235, '10010': 262, '10101': 239, '11100': 220, '00010': 235, '00000': 237, '11001': 236, '01010': 266, '01111': 257, '11101': 247, '10111': 248, '10100': 249, '00111': 284, '00011': 261, '00001': 248, '00110': 237, '01100': 261, '01000': 217, '10000': 253, '11111': 271, '11011': 228, '10110': 254, '01011': 254, '10011': 279, '11110': 239, '01101': 237, '01110': 253}
{'11000': 4004, '00000': 3996}
{'11010': 1987, '01101': 1972, '10111': 1985, '00000': 2056}
{'01110': 1039, '01101': 984, '00010': 1015, '10101': 1044, '11001': 965, '10110': 960, '00001': 985, '11010': 1008}
{'00101': 965, '10111': 980, '11011': 979, '11001': 979, '00111': 1023, '01011': 979, '10101': 1049, '01001': 1046}
{'00010': 513, '01011': 516, '10100': 511, '01100': 507, '11011': 516, '01010': 455, '11101': 492, '00011': 489, '01101': 479, '10011': 514, '11010': 513, '00101': 490, '10101': 491, '10010': 519, '11100': 488, '00100': 507}
{'10100': 496, '00100': 494, '01111': 509, '00000': 528, '11000': 497, '11111': 503, '00011': 569, '00111': 468, '01011': 500, '01100': 459, '01000': 503, '10011': 488, '10111': 489, '11100': 496, '10000': 494, '11011': 507}
Ours:  OrderedDict([('h', 16), ('s', 15), ('cx', 13), ('measure', 5), ('barrier', 1)])
IBM:  OrderedDict([('cx', 27), ('rz', 20), ('sx', 9), ('measure', 5), ('x', 2), ('barrier', 1)])
Ours:  OrderedDict([('cx', 20), ('h', 11), ('s', 11), ('measure', 5), ('barrier', 1)])
IBM:  OrderedDict([('rz', 27), ('cx', 20), ('sx', 12), ('measure', 5), ('x', 3), ('barrier', 1)])
Ours:  OrderedDict([('s', 15), ('cx', 12), ('h', 5), ('measure', 5), ('barrier', 1)])
IBM:  OrderedDict([('cx', 25), ('rz', 8), ('measure', 5), ('x', 2), ('sx', 1), ('barrier', 1)])
Ours:  OrderedDict([('s', 22), ('cx', 17), ('h', 15), ('measure', 5), ('barrier', 1)])
IBM:  OrderedDict([('cx', 32), ('rz', 14), ('sx', 7), ('measure', 5), ('x', 1), ('barrier', 1)])
Ours:  OrderedDict([('cx', 17), ('s', 5), ('measure', 5), ('h', 4), ('barrier', 1)])
IBM:  OrderedDict([('cx', 28), ('rz', 12), ('measure', 5), ('sx', 4), ('x', 2), ('barrier', 1)])
Ours:  OrderedDict([('s', 24), ('cx', 16), ('h', 14), ('measure', 5), ('barrier', 1)])
IBM:  OrderedDict([('cx', 18), ('rz', 14), ('sx', 5), ('measure', 5), ('barrier', 1)])
Ours:  OrderedDict([('cx', 22), ('h', 21), ('s', 20), ('measure', 5), ('barrier', 1)])
IBM:  OrderedDict([('cx', 47), ('rz', 24), ('sx', 9), ('measure', 5), ('x', 3), ('barrier', 1)])
Ours:  OrderedDict([('s', 13), ('cx', 10), ('h', 8), ('measure', 5), ('barrier', 1)])
IBM:  OrderedDict([('rz', 21), ('cx', 16), ('sx', 10), ('measure', 5), ('barrier', 1)])
Ours:  OrderedDict([('s', 21), ('h', 17), ('cx', 17), ('measure', 5), ('barrier', 1)])
IBM:  OrderedDict([('cx', 29), ('rz', 23), ('sx', 11), ('measure', 5), ('barrier', 1)])
Ours:  OrderedDict([('s', 22), ('cx', 21), ('h', 18), ('measure', 5), ('barrier', 1)])
IBM:  OrderedDict([('cx', 22), ('rz', 17), ('sx', 6), ('measure', 5), ('x', 4), ('barrier', 1)])
Ours:  OrderedDict([('cx', 23), ('s', 14), ('h', 12), ('measure', 5), ('barrier', 1)])
IBM:  OrderedDict([('cx', 39), ('rz', 20), ('sx', 10), ('measure', 5), ('x', 3), ('barrier', 1)])
Ours:  OrderedDict([('s', 22), ('h', 19), ('cx', 17), ('measure', 5), ('barrier', 1)])
IBM:  OrderedDict([('rz', 25), ('cx', 24), ('sx', 12), ('measure', 5), ('x', 1), ('barrier', 1)])
Ours:  OrderedDict([('s', 29), ('h', 21), ('cx', 15), ('measure', 5), ('barrier', 1)])
IBM:  OrderedDict([('cx', 34), ('rz', 27), ('sx', 11), ('measure', 5), ('x', 1), ('barrier', 1)])
Ours:  OrderedDict([('cx', 21), ('h', 17), ('s', 17), ('measure', 5), ('barrier', 1)])
IBM:  OrderedDict([('cx', 30), ('rz', 10), ('sx', 5), ('measure', 5), ('barrier', 1)])
Ours:  OrderedDict([('cx', 20), ('s', 17), ('h', 16), ('measure', 5), ('barrier', 1)])
IBM:  OrderedDict([('cx', 33), ('rz', 22), ('sx', 11), ('measure', 5), ('x', 2), ('barrier', 1)])
Ours:  OrderedDict([('s', 29), ('h', 20), ('cx', 18), ('measure', 5), ('barrier', 1)])
IBM:  OrderedDict([('cx', 28), ('rz', 16), ('sx', 7), ('measure', 5), ('x', 1), ('barrier', 1)])
Ours:  OrderedDict([('s', 18), ('cx', 15), ('h', 10), ('measure', 5), ('barrier', 1)])
IBM:  OrderedDict([('cx', 28), ('rz', 23), ('sx', 11), ('measure', 5), ('x', 1), ('barrier', 1)])
Ours:  OrderedDict([('s', 21), ('h', 14), ('cx', 12), ('measure', 5), ('barrier', 1)])
IBM:  OrderedDict([('cx', 23), ('rz', 21), ('sx', 10), ('measure', 5), ('x', 1), ('barrier', 1)])
Ours:  OrderedDict([('s', 21), ('h', 19), ('cx', 18), ('measure', 5), ('barrier', 1)])
IBM:  OrderedDict([('cx', 27), ('rz', 21), ('sx', 8), ('measure', 5), ('x', 3), ('barrier', 1)])
Ours:  0.9868874837789197
IBM:  0.9798988769449052
Ours:  0.7225385254403451
IBM:  0.6254230496007879
Ours:  0.7607997981673872
IBM:  0.6900345457454914
Ours:  0.6084642692963679
IBM:  0.4735651132439322
Ours:  0.9812955497584855
IBM:  0.9811613196456845
Ours:  0.3546125290576752
IBM:  0.4159282807444415
Ours:  0.5445078491044306
IBM:  0.31512080638340617
Ours:  0.10386511849460814
IBM:  0.7509413716866201
Ours:  0.79846982913978
IBM:  0.7820633707981672
Ours:  0.6579718638694745
IBM:  0.5577374112347383
Ours:  0.7151061402733794
IBM:  0.6671091243118168
Ours:  0.2819636158085753
IBM:  0.6321309453672785
Ours:  0.7382108244542495
IBM:  0.754436403337622
Ours:  0.20591245748576037
IBM:  0.6568053205514507
Ours:  0.9887497685882328
IBM:  0.9675869683610869
Ours:  0.5818008601603126
IBM:  0.4613209385893282
Ours:  0.9885907649953103
IBM:  0.9868522877684671
Ours:  0.16010196451154932
IBM:  0.695885461011283
Ours:  0.5566526893905733
IBM:  0.5844956120197302
Traceback (most recent call last):
  File "/home/w/winderl/pauliopt/experiments/clifford_experiment.py", line 384, in <module>
    run_clifford_real_hardware()
  File "/home/w/winderl/pauliopt/experiments/clifford_experiment.py", line 380, in run_clifford_real_hardware
    df.to_csv("data/clifford_experiment_real_hardware/results.csv")
  File "/home/w/winderl/miniconda3/envs/pauliopt/lib/python3.9/site-packages/pandas/core/generic.py", line 3772, in to_csv
    return DataFrameRenderer(formatter).to_csv(
  File "/home/w/winderl/miniconda3/envs/pauliopt/lib/python3.9/site-packages/pandas/io/formats/format.py", line 1186, in to_csv
    csv_formatter.save()
  File "/home/w/winderl/miniconda3/envs/pauliopt/lib/python3.9/site-packages/pandas/io/formats/csvs.py", line 240, in save
    with get_handle(
  File "/home/w/winderl/miniconda3/envs/pauliopt/lib/python3.9/site-packages/pandas/io/common.py", line 737, in get_handle
    check_parent_directory(str(handle))
  File "/home/w/winderl/miniconda3/envs/pauliopt/lib/python3.9/site-packages/pandas/io/common.py", line 600, in check_parent_directory
    raise OSError(rf"Cannot save file into a non-existent directory: '{parent}'")
OSError: Cannot save file into a non-existent directory: 'data/clifford_experiment_real_hardware'
