slurmstepd-aleurit: error: Unable to create TMPDIR [/tmp/user/30910]: Permission denied
slurmstepd-aleurit: error: Setting TMPDIR to /tmp
clifford_experiment.py
data
experiments
fidelity_experiment_trotterisation.log
output_p.log
pauli_experiment.py
synth_ucc_evaluation.log
test.pickle
tket_benchmarking
fidelity_experiment_trotterisation: Name: H2_P_631g
fidelity_experiment_trotterisation: Time: 0.0
/home/w/winderl/pauliopt/experiments/pauli_experiment.py:182: ComplexWarning: Casting complex values to real discards the imaginary part
  coeff = float(el.primitive.coeffs[0])
/home/w/winderl/miniconda3/envs/pauliopt/lib/python3.9/site-packages/qiskit/quantum_info/operators/measures.py:381: UserWarning: Treating array input as a Operator object
  warnings.warn(f"Treating array input as a {fallback_class.__name__} object")
fidelity_experiment_trotterisation: Steiner-NC fidelity: 1.0
fidelity_experiment_trotterisation: tket fidelity: 1.0
fidelity_experiment_trotterisation: Default fidelity: 1.0
fidelity_experiment_trotterisation: Time: 0.16110731556870733
fidelity_experiment_trotterisation: Steiner-NC fidelity: 0.9998702542461929
fidelity_experiment_trotterisation: tket fidelity: 0.9859654176924549
fidelity_experiment_trotterisation: Default fidelity: 0.9999938122873214
fidelity_experiment_trotterisation: Time: 0.32221463113741466
fidelity_experiment_trotterisation: Steiner-NC fidelity: 0.9994140750888564
fidelity_experiment_trotterisation: tket fidelity: 0.9448948985633978
fidelity_experiment_trotterisation: Default fidelity: 0.9999016691045381
fidelity_experiment_trotterisation: Time: 0.48332194670612205
fidelity_experiment_trotterisation: Steiner-NC fidelity: 0.9984350383412752
fidelity_experiment_trotterisation: tket fidelity: 0.8797776540661212
fidelity_experiment_trotterisation: Default fidelity: 0.9995078735103581
fidelity_experiment_trotterisation: Time: 0.6444292622748293
fidelity_experiment_trotterisation: Steiner-NC fidelity: 0.9966203119190924
fidelity_experiment_trotterisation: tket fidelity: 0.7952419000194589
fidelity_experiment_trotterisation: Default fidelity: 0.9984697198563786
fidelity_experiment_trotterisation: Time: 0.8055365778435366
fidelity_experiment_trotterisation: Steiner-NC fidelity: 0.9935619747724606
fidelity_experiment_trotterisation: tket fidelity: 0.6970725427233906
fidelity_experiment_trotterisation: Default fidelity: 0.9963425091716193
fidelity_experiment_trotterisation: Time: 0.9666438934122441
fidelity_experiment_trotterisation: Steiner-NC fidelity: 0.9887857544733658
fidelity_experiment_trotterisation: tket fidelity: 0.5916253749818035
fidelity_experiment_trotterisation: Default fidelity: 0.992613923763938
fidelity_experiment_trotterisation: Time: 1.1277512089809514
fidelity_experiment_trotterisation: Steiner-NC fidelity: 0.9817858397110777
fidelity_experiment_trotterisation: tket fidelity: 0.48521128238777145
fidelity_experiment_trotterisation: Default fidelity: 0.9867464862797947
fidelity_experiment_trotterisation: Time: 1.2888585245496587
fidelity_experiment_trotterisation: Steiner-NC fidelity: 0.9720638190780485
fidelity_experiment_trotterisation: tket fidelity: 0.3835250879718722
fidelity_experiment_trotterisation: Default fidelity: 0.9782257965846363
fidelity_experiment_trotterisation: Time: 1.449965840118366
fidelity_experiment_trotterisation: Steiner-NC fidelity: 0.9591691919056197
fidelity_experiment_trotterisation: tket fidelity: 0.2911844056428045
fidelity_experiment_trotterisation: Default fidelity: 0.9666110621677975
fidelity_experiment_trotterisation: Time: 1.6110731556870732
fidelity_experiment_trotterisation: Steiner-NC fidelity: 0.9427384125397328
fidelity_experiment_trotterisation: tket fidelity: 0.21142596368665723
fidelity_experiment_trotterisation: Default fidelity: 0.9515833818852731
fidelity_experiment_trotterisation: Time: 1.7721804712557807
fidelity_experiment_trotterisation: Steiner-NC fidelity: 0.92252919526566
fidelity_experiment_trotterisation: tket fidelity: 0.14598329779786795
fidelity_experiment_trotterisation: Default fidelity: 0.9329866281630803
fidelity_experiment_trotterisation: Time: 1.9332877868244882
fidelity_experiment_trotterisation: Steiner-NC fidelity: 0.8984469258968354
fidelity_experiment_trotterisation: tket fidelity: 0.0951442367712352
fidelity_experiment_trotterisation: Default fidelity: 0.9108558849636575
fidelity_experiment_trotterisation: Time: 2.0943951023931953
fidelity_experiment_trotterisation: Steiner-NC fidelity: 0.8705605458126742
fidelity_experiment_trotterisation: tket fidelity: 0.05796306178512509
fidelity_experiment_trotterisation: Default fidelity: 0.8854293954066386
fidelity_experiment_trotterisation: Time: 2.2555024179619028
fidelity_experiment_trotterisation: Steiner-NC fidelity: 0.8391061712880915
fidelity_experiment_trotterisation: tket fidelity: 0.03258395144278747
fidelity_experiment_trotterisation: Default fidelity: 0.8571418102636973
fidelity_experiment_trotterisation: Time: 2.41660973353061
fidelity_experiment_trotterisation: Steiner-NC fidelity: 0.8044778892140177
fidelity_experiment_trotterisation: tket fidelity: 0.016621653494315332
fidelity_experiment_trotterisation: Default fidelity: 0.8265989394553107
fidelity_experiment_trotterisation: Time: 2.5777170490993173
fidelity_experiment_trotterisation: Steiner-NC fidelity: 0.7672064766082155
fidelity_experiment_trotterisation: tket fidelity: 0.007543248631897644
fidelity_experiment_trotterisation: Default fidelity: 0.7945367475317672
fidelity_experiment_trotterisation: Time: 2.738824364668025
fidelity_experiment_trotterisation: Steiner-NC fidelity: 0.7279280430027897
fidelity_experiment_trotterisation: tket fidelity: 0.0030009913200668573
fidelity_experiment_trotterisation: Default fidelity: 0.7617694829530047
fidelity_experiment_trotterisation: Time: 2.899931680236732
fidelity_experiment_trotterisation: Steiner-NC fidelity: 0.6873456131042819
fidelity_experiment_trotterisation: tket fidelity: 0.0010788912107929443
fidelity_experiment_trotterisation: Default fidelity: 0.7291331368422208
fidelity_experiment_trotterisation: Time: 3.0610389958054394
fidelity_experiment_trotterisation: Steiner-NC fidelity: 0.6461873092903371
fidelity_experiment_trotterisation: tket fidelity: 0.0004324214177879514
fidelity_experiment_trotterisation: Default fidelity: 0.697430626179493
fidelity_experiment_trotterisation: Time: 3.2221463113741464
fidelity_experiment_trotterisation: Steiner-NC fidelity: 0.6051649773873169
fidelity_experiment_trotterisation: tket fidelity: 0.0003185888249471528
fidelity_experiment_trotterisation: Default fidelity: 0.667384184487936
fidelity_experiment_trotterisation: Time: 3.383253626942854
fidelity_experiment_trotterisation: Steiner-NC fidelity: 0.5649368161157683
fidelity_experiment_trotterisation: tket fidelity: 0.0005297602900119493
fidelity_experiment_trotterisation: Default fidelity: 0.6395986669723858
fidelity_experiment_trotterisation: Time: 3.5443609425115614
fidelity_experiment_trotterisation: Steiner-NC fidelity: 0.5260768847291196
fidelity_experiment_trotterisation: tket fidelity: 0.0012568371593244425
fidelity_experiment_trotterisation: Default fidelity: 0.6145372575856747
fidelity_experiment_trotterisation: Time: 3.705468258080269
fidelity_experiment_trotterisation: Steiner-NC fidelity: 0.48905339787876206
fidelity_experiment_trotterisation: tket fidelity: 0.0029141993935523996
fidelity_experiment_trotterisation: Default fidelity: 0.5925088799648061
fidelity_experiment_trotterisation: Time: 3.8665755736489764
fidelity_experiment_trotterisation: Steiner-NC fidelity: 0.4542166297910569
fidelity_experiment_trotterisation: tket fidelity: 0.005959891275361914
fidelity_experiment_trotterisation: Default fidelity: 0.5736648819624419
fidelity_experiment_trotterisation: Time: 4.027682889217683
fidelity_experiment_trotterisation: Steiner-NC fidelity: 0.4217962048168887
fidelity_experiment_trotterisation: tket fidelity: 0.010740344908669743
fidelity_experiment_trotterisation: Default fidelity: 0.5580015686365187
fidelity_experiment_trotterisation: Time: 4.1887902047863905
fidelity_experiment_trotterisation: Steiner-NC fidelity: 0.39190668706962145
fidelity_experiment_trotterisation: tket fidelity: 0.017380850435470562
fidelity_experiment_trotterisation: Default fidelity: 0.5453650236508544
fidelity_experiment_trotterisation: Time: 4.349897520355098
fidelity_experiment_trotterisation: Steiner-NC fidelity: 0.3645597885624883
fidelity_experiment_trotterisation: tket fidelity: 0.025732757518893434
fidelity_experiment_trotterisation: Default fidelity: 0.5354553614928244
fidelity_experiment_trotterisation: Time: 4.5110048359238055
fidelity_experiment_trotterisation: Steiner-NC fidelity: 0.33968122246733345
fidelity_experiment_trotterisation: tket fidelity: 0.035377918995478784
fidelity_experiment_trotterisation: Default fidelity: 0.5278289600684265
fidelity_experiment_trotterisation: Time: 4.672112151492513
fidelity_experiment_trotterisation: Steiner-NC fidelity: 0.3171302063178208
fidelity_experiment_trotterisation: tket fidelity: 0.04568184197319026
fidelity_experiment_trotterisation: Default fidelity: 0.5218991217838671
fidelity_experiment_trotterisation: Time: 4.83321946706122
fidelity_experiment_trotterisation: Steiner-NC fidelity: 0.29671979661106046
fidelity_experiment_trotterisation: tket fidelity: 0.055880612635525066
fidelity_experiment_trotterisation: Default fidelity: 0.5169377174665267
fidelity_experiment_trotterisation: Time: 4.994326782629927
fidelity_experiment_trotterisation: Steiner-NC fidelity: 0.2782365215439432
fidelity_experiment_trotterisation: tket fidelity: 0.06518352999392474
fidelity_experiment_trotterisation: Default fidelity: 0.5120823217082943
fidelity_experiment_trotterisation: Time: 5.155434098198635
fidelity_experiment_trotterisation: Steiner-NC fidelity: 0.26145809357386957
fidelity_experiment_trotterisation: tket fidelity: 0.07287352631540855
fidelity_experiment_trotterisation: Default fidelity: 0.5063547116835967
fidelity_experiment_trotterisation: Time: 5.316541413767342
fidelity_experiment_trotterisation: Steiner-NC fidelity: 0.2461682810796489
fidelity_experiment_trotterisation: tket fidelity: 0.07839034609823418
fidelity_experiment_trotterisation: Default fidelity: 0.4986968823130032
fidelity_experiment_trotterisation: Time: 5.47764872933605
fidelity_experiment_trotterisation: Steiner-NC fidelity: 0.2321682904385265
fidelity_experiment_trotterisation: tket fidelity: 0.08138621757441958
fidelity_experiment_trotterisation: Default fidelity: 0.48802946216869936
fidelity_experiment_trotterisation: Time: 5.638756044904756
fidelity_experiment_trotterisation: Steiner-NC fidelity: 0.21928427734623623
fidelity_experiment_trotterisation: tket fidelity: 0.08174933758375535
fidelity_experiment_trotterisation: Default fidelity: 0.47333429471478544
fidelity_experiment_trotterisation: Time: 5.799863360473464
fidelity_experiment_trotterisation: Steiner-NC fidelity: 0.20737089754204457
fidelity_experiment_trotterisation: tket fidelity: 0.07959589772051992
fidelity_experiment_trotterisation: Default fidelity: 0.45375802265119214
fidelity_experiment_trotterisation: Time: 5.960970676042171
fidelity_experiment_trotterisation: Steiner-NC fidelity: 0.19631113389493215
fidelity_experiment_trotterisation: tket fidelity: 0.07523580052851458
fidelity_experiment_trotterisation: Default fidelity: 0.4287273413992955
fidelity_experiment_trotterisation: Time: 6.122077991610879
fidelity_experiment_trotterisation: Steiner-NC fidelity: 0.18601297914214704
fidelity_experiment_trotterisation: tket fidelity: 0.0691201399933535
fidelity_experiment_trotterisation: Default fidelity: 0.39806033062315127
fidelity_experiment_trotterisation: Time: 6.283185307179586
fidelity_experiment_trotterisation: Steiner-NC fidelity: 0.17640386164247213
fidelity_experiment_trotterisation: tket fidelity: 0.06177976948549168
fidelity_experiment_trotterisation: Default fidelity: 0.36205358742281685
fidelity_experiment_trotterisation: Name: H4_P_sto3g
fidelity_experiment_trotterisation: Time: 0.0
fidelity_experiment_trotterisation: Steiner-NC fidelity: 1.0
fidelity_experiment_trotterisation: tket fidelity: 1.0
fidelity_experiment_trotterisation: Default fidelity: 1.0
fidelity_experiment_trotterisation: Time: 0.16110731556870733
fidelity_experiment_trotterisation: Steiner-NC fidelity: 0.9999400375083887
fidelity_experiment_trotterisation: tket fidelity: 0.9950674268627285
fidelity_experiment_trotterisation: Default fidelity: 0.9999997507137048
fidelity_experiment_trotterisation: Time: 0.32221463113741466
fidelity_experiment_trotterisation: Steiner-NC fidelity: 0.9997557036097589
fidelity_experiment_trotterisation: tket fidelity: 0.9804228674494014
fidelity_experiment_trotterisation: Default fidelity: 0.9999960175271287
fidelity_experiment_trotterisation: Time: 0.48332194670612205
fidelity_experiment_trotterisation: Steiner-NC fidelity: 0.9994337480218894
fidelity_experiment_trotterisation: tket fidelity: 0.9565178109615042
fidelity_experiment_trotterisation: Default fidelity: 0.999979890258431
fidelity_experiment_trotterisation: Time: 0.6444292622748293
fidelity_experiment_trotterisation: Steiner-NC fidelity: 0.9989523826145537
fidelity_experiment_trotterisation: tket fidelity: 0.924078681923729
fidelity_experiment_trotterisation: Default fidelity: 0.9999366712217044
fidelity_experiment_trotterisation: Time: 0.8055365778435366
fidelity_experiment_trotterisation: Steiner-NC fidelity: 0.9982817215194087
fidelity_experiment_trotterisation: tket fidelity: 0.8840697260527551
fidelity_experiment_trotterisation: Default fidelity: 0.9998461039093263
fidelity_experiment_trotterisation: Time: 0.9666438934122441
fidelity_experiment_trotterisation: Steiner-NC fidelity: 0.997384390309433
fidelity_experiment_trotterisation: tket fidelity: 0.8376448107018835
fidelity_experiment_trotterisation: Default fidelity: 0.999682692466975
fidelity_experiment_trotterisation: Time: 1.1277512089809514
fidelity_experiment_trotterisation: Steiner-NC fidelity: 0.9962162968893701
fidelity_experiment_trotterisation: tket fidelity: 0.7860914910201428
fidelity_experiment_trotterisation: Default fidelity: 0.9994161108454204
fidelity_experiment_trotterisation: Time: 1.2888585245496587
fidelity_experiment_trotterisation: Steiner-NC fidelity: 0.9947275541405046
fidelity_experiment_trotterisation: tket fidelity: 0.7307711152507324
fidelity_experiment_trotterisation: Default fidelity: 0.9990116996118042
fidelity_experiment_trotterisation: Time: 1.449965840118366
fidelity_experiment_trotterisation: Steiner-NC fidelity: 0.9928635414821506
fidelity_experiment_trotterisation: tket fidelity: 0.6730588431663018
fidelity_experiment_trotterisation: Default fidelity: 0.9984310471329274
fidelity_experiment_trotterisation: Time: 1.6110731556870732
fidelity_experiment_trotterisation: Steiner-NC fidelity: 0.9905660893760655
fidelity_experiment_trotterisation: tket fidelity: 0.6142872354835245
fidelity_experiment_trotterisation: Default fidelity: 0.997632650193267
fidelity_experiment_trotterisation: Time: 1.7721804712557807
fidelity_experiment_trotterisation: Steiner-NC fidelity: 0.9877747674789262
fidelity_experiment_trotterisation: tket fidelity: 0.5556965751006588
fidelity_experiment_trotterisation: Default fidelity: 0.9965726471067967
fidelity_experiment_trotterisation: Time: 1.9332877868244882
fidelity_experiment_trotterisation: Steiner-NC fidelity: 0.984428253755473
fidelity_experiment_trotterisation: tket fidelity: 0.4983943647148263
fidelity_experiment_trotterisation: Default fidelity: 0.9952056140888259
fidelity_experiment_trotterisation: Time: 2.0943951023931953
fidelity_experiment_trotterisation: Steiner-NC fidelity: 0.9804657585501281
fidelity_experiment_trotterisation: tket fidelity: 0.4433255891023128
fidelity_experiment_trotterisation: Default fidelity: 0.9934854131718209
fidelity_experiment_trotterisation: Time: 2.2555024179619028
fidelity_experiment_trotterisation: Steiner-NC fidelity: 0.9758284745584269
fidelity_experiment_trotterisation: tket fidelity: 0.3912544216070347
fidelity_experiment_trotterisation: Default fidelity: 0.991366077411454
fidelity_experiment_trotterisation: Time: 2.41660973353061
fidelity_experiment_trotterisation: Steiner-NC fidelity: 0.9704610210391126
fidelity_experiment_trotterisation: tket fidelity: 0.34275717901742603
fidelity_experiment_trotterisation: Default fidelity: 0.9888027166930975
fidelity_experiment_trotterisation: Time: 2.5777170490993173
fidelity_experiment_trotterisation: Steiner-NC fidelity: 0.9643128486677852
fidelity_experiment_trotterisation: tket fidelity: 0.29822556213496537
fidelity_experiment_trotterisation: Default fidelity: 0.9857524252886161
fidelity_experiment_trotterisation: Time: 2.738824364668025
fidelity_experiment_trotterisation: Steiner-NC fidelity: 0.9573395703494119
fidelity_experiment_trotterisation: tket fidelity: 0.25787861820333274
fidelity_experiment_trotterisation: Default fidelity: 0.9821751706051212
fidelity_experiment_trotterisation: Time: 2.899931680236732
fidelity_experiment_trotterisation: Steiner-NC fidelity: 0.9495041832518178
fidelity_experiment_trotterisation: tket fidelity: 0.22178146088247302
fidelity_experiment_trotterisation: Default fidelity: 0.9780346414779898
fidelity_experiment_trotterisation: Time: 3.0610389958054394
fidelity_experiment_trotterisation: Steiner-NC fidelity: 0.9407781484301946
fidelity_experiment_trotterisation: tket fidelity: 0.18986859467944414
fidelity_experiment_trotterisation: Default fidelity: 0.9732990340324557
fidelity_experiment_trotterisation: Time: 3.2221463113741464
fidelity_experiment_trotterisation: Steiner-NC fidelity: 0.93114229676768
fidelity_experiment_trotterisation: tket fidelity: 0.16196970233282978
fidelity_experiment_trotterisation: Default fidelity: 0.9679417536775928
fidelity_experiment_trotterisation: Time: 3.383253626942854
fidelity_experiment_trotterisation: Steiner-NC fidelity: 0.9205875335817508
fidelity_experiment_trotterisation: tket fidelity: 0.13783593571761024
fidelity_experiment_trotterisation: Default fidelity: 0.961942013260634
fidelity_experiment_trotterisation: Time: 3.5443609425115614
fidelity_experiment_trotterisation: Steiner-NC fidelity: 0.909115319095676
fidelity_experiment_trotterisation: tket fidelity: 0.11716506064135845
fidelity_experiment_trotterisation: Default fidelity: 0.9552853098002692
fidelity_experiment_trotterisation: Time: 3.705468258080269
fidelity_experiment_trotterisation: Steiner-NC fidelity: 0.8967379079322743
fidelity_experiment_trotterisation: tket fidelity: 0.09962419428259525
fidelity_experiment_trotterisation: Default fidelity: 0.9479637654758764
fidelity_experiment_trotterisation: Time: 3.8665755736489764
fidelity_experiment_trotterisation: Steiner-NC fidelity: 0.883478337668469
fidelity_experiment_trotterisation: tket fidelity: 0.08486929180061918
fidelity_experiment_trotterisation: Default fidelity: 0.9399763225579941
fidelity_experiment_trotterisation: Time: 4.027682889217683
fidelity_experiment_trotterisation: Steiner-NC fidelity: 0.8693701640457666
fidelity_experiment_trotterisation: tket fidelity: 0.07256094211036467
fidelity_experiment_trotterisation: Default fidelity: 0.9313287865524615
fidelity_experiment_trotterisation: Time: 4.1887902047863905
fidelity_experiment_trotterisation: Steiner-NC fidelity: 0.8544569483632644
fidelity_experiment_trotterisation: tket fidelity: 0.06237638770701392
fidelity_experiment_trotterisation: Default fidelity: 0.9220337167809373
fidelity_experiment_trotterisation: Time: 4.349897520355098
fidelity_experiment_trotterisation: Steiner-NC fidelity: 0.8387915105506487
fidelity_experiment_trotterisation: tket fidelity: 0.054017967115072
fidelity_experiment_trotterisation: Default fidelity: 0.9121101686912249
fidelity_experiment_trotterisation: Time: 4.5110048359238055
fidelity_experiment_trotterisation: Steiner-NC fidelity: 0.8224349690735788
fidelity_experiment_trotterisation: tket fidelity: 0.04721838037727528
fidelity_experiment_trotterisation: Default fidelity: 0.9015832971243573
fidelity_experiment_trotterisation: Time: 4.672112151492513
fidelity_experiment_trotterisation: Steiner-NC fidelity: 0.8054555958117056
fidelity_experiment_trotterisation: tket fidelity: 0.041743298091617226
fidelity_experiment_trotterisation: Default fidelity: 0.8904838343120698
fidelity_experiment_trotterisation: Time: 4.83321946706122
fidelity_experiment_trotterisation: Steiner-NC fidelity: 0.7879275200424434
fidelity_experiment_trotterisation: tket fidelity: 0.03739188133713168
fidelity_experiment_trotterisation: Default fidelity: 0.8788474603105935
fidelity_experiment_trotterisation: Time: 4.994326782629927
fidelity_experiment_trotterisation: Steiner-NC fidelity: 0.7699293203782875
fidelity_experiment_trotterisation: tket fidelity: 0.033995767321220116
fidelity_experiment_trotterisation: Default fidelity: 0.8667140867062303
fidelity_experiment_trotterisation: Time: 5.155434098198635
fidelity_experiment_trotterisation: Steiner-NC fidelity: 0.7515425467225734
fidelity_experiment_trotterisation: tket fidelity: 0.03141702009448627
fidelity_experiment_trotterisation: Default fidelity: 0.8541270766194089
fidelity_experiment_trotterisation: Time: 5.316541413767342
fidelity_experiment_trotterisation: Steiner-NC fidelity: 0.7328502158847591
fidelity_experiment_trotterisation: tket fidelity: 0.02954546344028094
fidelity_experiment_trotterisation: Default fidelity: 0.8411324252086649
fidelity_experiment_trotterisation: Time: 5.47764872933605
fidelity_experiment_trotterisation: Steiner-NC fidelity: 0.7139353243761988
fidelity_experiment_trotterisation: tket fidelity: 0.02829571829838559
fidelity_experiment_trotterisation: Default fidelity: 0.8277779250210237
fidelity_experiment_trotterisation: Time: 5.638756044904756
fidelity_experiment_trotterisation: Steiner-NC fidelity: 0.6948794201246671
fidelity_experiment_trotterisation: tket fidelity: 0.027604171080344363
fidelity_experiment_trotterisation: Default fidelity: 0.8141123396961019
fidelity_experiment_trotterisation: Time: 5.799863360473464
fidelity_experiment_trotterisation: Steiner-NC fidelity: 0.6757612715213066
fidelity_experiment_trotterisation: tket fidelity: 0.027426010035636304
fidelity_experiment_trotterisation: Default fidelity: 0.8001846078084739
fidelity_experiment_trotterisation: Time: 5.960970676042171
fidelity_experiment_trotterisation: Steiner-NC fidelity: 0.6566556675460057
fidelity_experiment_trotterisation: tket fidelity: 0.027732389684992084
fidelity_experiment_trotterisation: Default fidelity: 0.7860430961710096
fidelity_experiment_trotterisation: Time: 6.122077991610879
fidelity_experiment_trotterisation: Steiner-NC fidelity: 0.6376323769669652
fidelity_experiment_trotterisation: tket fidelity: 0.028507721416889682
fidelity_experiment_trotterisation: Default fidelity: 0.7717349188951328
fidelity_experiment_trotterisation: Time: 6.283185307179586
fidelity_experiment_trotterisation: Steiner-NC fidelity: 0.6187552880827529
fidelity_experiment_trotterisation: tket fidelity: 0.02974704349387866
fidelity_experiment_trotterisation: Default fidelity: 0.7573053351048499
fidelity_experiment_trotterisation: Name: LiH_P_sto3g
fidelity_experiment_trotterisation: Time: 0.0
fidelity_experiment_trotterisation: Steiner-NC fidelity: 1.0
fidelity_experiment_trotterisation: tket fidelity: 1.0
fidelity_experiment_trotterisation: Default fidelity: 1.0
fidelity_experiment_trotterisation: Time: 0.16110731556870733
fidelity_experiment_trotterisation: Steiner-NC fidelity: 0.9999295473554145
fidelity_experiment_trotterisation: tket fidelity: 0.9465540692820339
fidelity_experiment_trotterisation: Default fidelity: 0.9999988413599245
fidelity_experiment_trotterisation: Time: 0.32221463113741466
fidelity_experiment_trotterisation: Steiner-NC fidelity: 0.9997111192927415
fidelity_experiment_trotterisation: tket fidelity: 0.8016993611439784
fidelity_experiment_trotterisation: Default fidelity: 0.9999816560696809
fidelity_experiment_trotterisation: Time: 0.48332194670612205
fidelity_experiment_trotterisation: Steiner-NC fidelity: 0.9993242556755073
fidelity_experiment_trotterisation: tket fidelity: 0.6051671765928686
fidelity_experiment_trotterisation: Default fidelity: 0.9999087493973092
fidelity_experiment_trotterisation: Time: 0.6444292622748293
fidelity_experiment_trotterisation: Steiner-NC fidelity: 0.9987372765997239
fidelity_experiment_trotterisation: tket fidelity: 0.4044464757343893
fidelity_experiment_trotterisation: Default fidelity: 0.9997185944248632
fidelity_experiment_trotterisation: Time: 0.8055365778435366
fidelity_experiment_trotterisation: Steiner-NC fidelity: 0.9979106394095033
fidelity_experiment_trotterisation: tket fidelity: 0.2372032408809835
fidelity_experiment_trotterisation: Default fidelity: 0.9993342759058292
fidelity_experiment_trotterisation: Time: 0.9666438934122441
fidelity_experiment_trotterisation: Steiner-NC fidelity: 0.9968011201300123
fidelity_experiment_trotterisation: tket fidelity: 0.1209900934987802
fidelity_experiment_trotterisation: Default fidelity: 0.9986715490811418
fidelity_experiment_trotterisation: Time: 1.1277512089809514
fidelity_experiment_trotterisation: Steiner-NC fidelity: 0.9953663666833457
fidelity_experiment_trotterisation: tket fidelity: 0.053603318426430374
fidelity_experiment_trotterisation: Default fidelity: 0.9976476510248647
fidelity_experiment_trotterisation: Time: 1.2888585245496587
fidelity_experiment_trotterisation: Steiner-NC fidelity: 0.9935693274757336
fidelity_experiment_trotterisation: tket fidelity: 0.02128969608681596
fidelity_experiment_trotterisation: Default fidelity: 0.9961898979574607
fidelity_experiment_trotterisation: Time: 1.449965840118366
fidelity_experiment_trotterisation: Steiner-NC fidelity: 0.9913820705723946
fidelity_experiment_trotterisation: tket fidelity: 0.008613601765741814
fidelity_experiment_trotterisation: Default fidelity: 0.9942430988016817
fidelity_experiment_trotterisation: Time: 1.6110731556870732
fidelity_experiment_trotterisation: Steiner-NC fidelity: 0.9887885724743635
fidelity_experiment_trotterisation: tket fidelity: 0.0047083488809287035
fidelity_experiment_trotterisation: Default fidelity: 0.9917749214542723
fidelity_experiment_trotterisation: Time: 1.7721804712557807
fidelity_experiment_trotterisation: Steiner-NC fidelity: 0.9857861663697977
fidelity_experiment_trotterisation: tket fidelity: 0.004343189463221446
fidelity_experiment_trotterisation: Default fidelity: 0.9887785589863742
fidelity_experiment_trotterisation: Time: 1.9332877868244882
fidelity_experiment_trotterisation: Steiner-NC fidelity: 0.9823854844275237
fidelity_experiment_trotterisation: tket fidelity: 0.0057166694196446165
fidelity_experiment_trotterisation: Default fidelity: 0.9852723376796506
fidelity_experiment_trotterisation: Time: 2.0943951023931953
fidelity_experiment_trotterisation: Steiner-NC fidelity: 0.9786088904853799
fidelity_experiment_trotterisation: tket fidelity: 0.007979789360667778
fidelity_experiment_trotterisation: Default fidelity: 0.9812962528505904
fidelity_experiment_trotterisation: Time: 2.2555024179619028
fidelity_experiment_trotterisation: Steiner-NC fidelity: 0.9744875595572956
fidelity_experiment_trotterisation: tket fidelity: 0.01023377189917979
fidelity_experiment_trotterisation: Default fidelity: 0.9769057681858049
fidelity_experiment_trotterisation: Time: 2.41660973353061
fidelity_experiment_trotterisation: Steiner-NC fidelity: 0.9700575010024086
fidelity_experiment_trotterisation: tket fidelity: 0.011824509349187157
fidelity_experiment_trotterisation: Default fidelity: 0.9721635247744047
fidelity_experiment_trotterisation: Time: 2.5777170490993173
fidelity_experiment_trotterisation: Steiner-NC fidelity: 0.9653549284076728
fidelity_experiment_trotterisation: tket fidelity: 0.01283394972012839
fidelity_experiment_trotterisation: Default fidelity: 0.9671298388711662
fidelity_experiment_trotterisation: Time: 2.738824364668025
fidelity_experiment_trotterisation: Steiner-NC fidelity: 0.960411441823517
fidelity_experiment_trotterisation: tket fidelity: 0.014097674888001793
fidelity_experiment_trotterisation: Default fidelity: 0.9618529975029522
fidelity_experiment_trotterisation: Time: 2.899931680236732
fidelity_experiment_trotterisation: Steiner-NC fidelity: 0.955249503389186
fidelity_experiment_trotterisation: tket fidelity: 0.016949871313297907
fidelity_experiment_trotterisation: Default fidelity: 0.956360379404254
fidelity_experiment_trotterisation: Time: 3.0610389958054394
fidelity_experiment_trotterisation: Steiner-NC fidelity: 0.9498786574459643
fidelity_experiment_trotterisation: tket fidelity: 0.02315813131927704
fidelity_experiment_trotterisation: Default fidelity: 0.9506513418887205
fidelity_experiment_trotterisation: Time: 3.2221463113741464
fidelity_experiment_trotterisation: Steiner-NC fidelity: 0.944292876992652
fidelity_experiment_trotterisation: tket fidelity: 0.034987872718828104
fidelity_experiment_trotterisation: Default fidelity: 0.9446926400041633
fidelity_experiment_trotterisation: Time: 3.383253626942854
fidelity_experiment_trotterisation: Steiner-NC fidelity: 0.938469318368694
fidelity_experiment_trotterisation: tket fidelity: 0.05477369324061708
fidelity_experiment_trotterisation: Default fidelity: 0.938416906546678
fidelity_experiment_trotterisation: Time: 3.5443609425115614
fidelity_experiment_trotterisation: Steiner-NC fidelity: 0.9323686449512811
fidelity_experiment_trotterisation: tket fidelity: 0.08357070586744234
fidelity_experiment_trotterisation: Default fidelity: 0.9317244450957917
fidelity_experiment_trotterisation: Time: 3.705468258080269
fidelity_experiment_trotterisation: Steiner-NC fidelity: 0.9259369479789477
fidelity_experiment_trotterisation: tket fidelity: 0.119399609853707
fidelity_experiment_trotterisation: Default fidelity: 0.9244882959375568
fidelity_experiment_trotterisation: Time: 3.8665755736489764
fidelity_experiment_trotterisation: Steiner-NC fidelity: 0.9191091574220307
fidelity_experiment_trotterisation: tket fidelity: 0.1564227015581308
fidelity_experiment_trotterisation: Default fidelity: 0.9165622464139407
fidelity_experiment_trotterisation: Time: 4.027682889217683
fidelity_experiment_trotterisation: Steiner-NC fidelity: 0.9118137067456111
fidelity_experiment_trotterisation: tket fidelity: 0.1861889324938524
fidelity_experiment_trotterisation: Default fidelity: 0.9077911908418337
fidelity_experiment_trotterisation: Time: 4.1887902047863905
fidelity_experiment_trotterisation: Steiner-NC fidelity: 0.9039781009811338
fidelity_experiment_trotterisation: tket fidelity: 0.20080101064697603
fidelity_experiment_trotterisation: Default fidelity: 0.8980230184220759
fidelity_experiment_trotterisation: Time: 4.349897520355098
fidelity_experiment_trotterisation: Steiner-NC fidelity: 0.8955349463716518
fidelity_experiment_trotterisation: tket fidelity: 0.19640758343710413
fidelity_experiment_trotterisation: Default fidelity: 0.8871210390155043
fidelity_experiment_trotterisation: Time: 4.5110048359238055
fidelity_experiment_trotterisation: Steiner-NC fidelity: 0.8864279405257023
fidelity_experiment_trotterisation: tket fidelity: 0.17497487051832336
fidelity_experiment_trotterisation: Default fidelity: 0.874975864991094
fidelity_experiment_trotterisation: Time: 4.672112151492513
fidelity_experiment_trotterisation: Steiner-NC fidelity: 0.8766173022020475
fidelity_experiment_trotterisation: tket fidelity: 0.14327644347854024
fidelity_experiment_trotterisation: Default fidelity: 0.86151566901107
fidelity_experiment_trotterisation: Time: 4.83321946706122
fidelity_experiment_trotterisation: Steiner-NC fidelity: 0.8660841451395396
fidelity_experiment_trotterisation: tket fidelity: 0.10977677385056753
fidelity_experiment_trotterisation: Default fidelity: 0.8467138430553283
fidelity_experiment_trotterisation: Time: 4.994326782629927
fidelity_experiment_trotterisation: Steiner-NC fidelity: 0.85483337272993
fidelity_experiment_trotterisation: tket fidelity: 0.08131639364636038
fidelity_experiment_trotterisation: Default fidelity: 0.830593293516621
fidelity_experiment_trotterisation: Time: 5.155434098198635
fidelity_experiment_trotterisation: Steiner-NC fidelity: 0.8428947868668634
fidelity_experiment_trotterisation: tket fidelity: 0.06138726642210929
fidelity_experiment_trotterisation: Default fidelity: 0.8132269078095479
fidelity_experiment_trotterisation: Time: 5.316541413767342
fidelity_experiment_trotterisation: Steiner-NC fidelity: 0.8303222564312176
fidelity_experiment_trotterisation: tket fidelity: 0.05050716652777179
fidelity_experiment_trotterisation: Default fidelity: 0.7947340922836384
fidelity_experiment_trotterisation: Time: 5.47764872933605
fidelity_experiment_trotterisation: Steiner-NC fidelity: 0.8171909646880847
fidelity_experiment_trotterisation: tket fidelity: 0.04777927300479374
fidelity_experiment_trotterisation: Default fidelity: 0.7752736695915599
fidelity_experiment_trotterisation: Time: 5.638756044904756
fidelity_experiment_trotterisation: Steiner-NC fidelity: 0.803592932521799
fidelity_experiment_trotterisation: tket fidelity: 0.05217519267403634
fidelity_experiment_trotterisation: Default fidelity: 0.7550337890305993
fidelity_experiment_trotterisation: Time: 5.799863360473464
fidelity_experiment_trotterisation: Steiner-NC fidelity: 0.789631176481414
fidelity_experiment_trotterisation: tket fidelity: 0.06266940407774856
fidelity_experiment_trotterisation: Default fidelity: 0.7342197989399415
fidelity_experiment_trotterisation: Time: 5.960970676042171
fidelity_experiment_trotterisation: Steiner-NC fidelity: 0.7754129889117188
fidelity_experiment_trotterisation: tket fidelity: 0.0774798501523156
fidelity_experiment_trotterisation: Default fidelity: 0.713041217722709
fidelity_experiment_trotterisation: Time: 6.122077991610879
fidelity_experiment_trotterisation: Steiner-NC fidelity: 0.7610429079724389
fidelity_experiment_trotterisation: tket fidelity: 0.09341805670972167
fidelity_experiment_trotterisation: Default fidelity: 0.6916989968959604
fidelity_experiment_trotterisation: Time: 6.283185307179586
fidelity_experiment_trotterisation: Steiner-NC fidelity: 0.7466159702523102
fidelity_experiment_trotterisation: tket fidelity: 0.10621055793419618
fidelity_experiment_trotterisation: Default fidelity: 0.6703741929634827
fidelity_experiment_trotterisation: Name: LiH_JW_sto3g
fidelity_experiment_trotterisation: Time: 0.0
Traceback (most recent call last):
  File "/home/w/winderl/pauliopt/experiments/pauli_experiment.py", line 501, in <module>
    # fidelity_experiment_trotterisation()
  File "/home/w/winderl/pauliopt/experiments/pauli_experiment.py", line 452, in fidelity_experiment_trotterisation
    summed_pauli_operator = operator_to_summed_pauli_op(operator, n_qubits)
  File "/home/w/winderl/pauliopt/experiments/pauli_experiment.py", line 146, in operator_to_summed_pauli_op
    sum_pauli_op += float(coeff) * pauli_op
  File "/home/w/winderl/miniconda3/envs/pauliopt/lib/python3.9/site-packages/sympy/core/expr.py", line 351, in __float__
    raise TypeError("Cannot convert expression to float")
TypeError: Cannot convert expression to float
